20:51:38 **** Incremental Build of configuration Debug for project basile ****
make -j12 all 
arm-none-eabi-gcc "../Core/Src/test.c" -mcpu=cortex-m4 -std=gnu11 -g3 -DDEBUG -DUSE_HAL_DRIVER -DSTM32F407xx -DSTM32L476xx -c -I../Core/Inc -I../Drivers/STM32L4xx_HAL_Driver/Inc -I../Drivers/STM32L4xx_HAL_Driver/Inc/Legacy -I../Drivers/CMSIS/Device/ST/STM32L4xx/Include -I../Drivers/CMSIS/Include -I../LWIP -I../LWIP/App -I../LWIP/Target -I../Middlewares/Third_Party/LwIP/src/include -I../Middlewares/Third_Party/LwIP/src/include/compat/posix -I../Middlewares/Third_Party/LwIP/src/include/compat/posix/arpa -I../Middlewares/Third_Party/LwIP/src/include/compat/posix/net -I../Middlewares/Third_Party/LwIP/src/include/compat/posix/sys -I../Middlewares/Third_Party/LwIP/src/include/compat/stdc -I../Middlewares/Third_Party/LwIP/src/include/lwip -I../Middlewares/Third_Party/LwIP/src/include/lwip/apps -I../Middlewares/Third_Party/LwIP/src/include/lwip/priv -I../Middlewares/Third_Party/LwIP/src/include/lwip/prot -I../Middlewares/Third_Party/LwIP/src/include/netif -I../Middlewares/Third_Party/LwIP/src/include/netif/ppp -I../Middlewares/Third_Party/LwIP/system -I../Middlewares/Third_Party/LwIP/system/arch -I../Middlewares/Third_Party/FreeRTOS/Source/include -I../Middlewares/Third_Party/FreeRTOS/Source/CMSIS_RTOS -I../Middlewares/Third_Party/FreeRTOS/Source/portable/GCC/ARM_CM4F -I../Middlewares/Third_Party/LwIP/src/include/lwip -O0 -ffunction-sections -fdata-sections -Wall -fstack-usage -fcyclomatic-complexity -MMD -MP -MF"Core/Src/test.d" -MT"Core/Src/test.o" --specs=nano.specs -mfpu=fpv4-sp-d16 -mfloat-abi=hard -mthumb -o "Core/Src/test.o"
../Core/Src/test.c: In function 'exempleTestFunctionPattern':
../Core/Src/test.c:19:50: warning: pointer targets in assignment from 'char *' to 'uint8_t *' {aka 'unsigned char *'} differ in signedness [-Wpointer-sign]
   19 |         ptLocalTestStructure->pcTestFunctionName ="exempleTestFunctionPattern";
      |                                                  ^
../Core/Src/test.c: In function 'TFunction_Factory':
../Core/Src/test.c:40:25: warning: implicit declaration of function 'sprintf' [-Wimplicit-function-declaration]
   40 |                         sprintf(buffer, "%d", testStructure.ResultState);
      |                         ^~~~~~~
../Core/Src/test.c:10:1: note: include '<stdio.h>' or provide a declaration of 'sprintf'
    9 | #include "stm32l4xx_hal.h"
  +++ |+#include <stdio.h>
   10 | 
../Core/Src/test.c:40:25: warning: incompatible implicit declaration of built-in function 'sprintf' [-Wbuiltin-declaration-mismatch]
   40 |                         sprintf(buffer, "%d", testStructure.ResultState);
      |                         ^~~~~~~
../Core/Src/test.c:40:25: note: include '<stdio.h>' or provide a declaration of 'sprintf'
../Core/Src/test.c:41:39: warning: passing argument 1 of 'sprintf' makes pointer from integer without a cast [-Wint-conversion]
   41 |                         sprintf(buffer[sizeof(testStructure.ResultState)], "%d", testStructure.ResultState);
      |                                 ~~~~~~^~~~~~~~~~~~~~~~~~~~~~~~~~~~~~~~~~~
      |                                       |
      |                                       char
../Core/Src/test.c:41:39: note: expected 'char *' but argument is of type 'char'
arm-none-eabi-gcc -o "basile.elf" @"objects.list"   -mcpu=cortex-m4 -T"C:\Users\hellm\Desktop\ENSI\la_base\Soft\basile\STM32L476RGTX_FLASH.ld" --specs=nosys.specs -Wl,-Map="basile.map" -Wl,--gc-sections -static --specs=nano.specs -mfpu=fpv4-sp-d16 -mfloat-abi=hard -mthumb -Wl,--start-group -lc -lm -Wl,--end-group
C:/ST/STM32CubeIDE_1.14.0/STM32CubeIDE/plugins/com.st.stm32cube.ide.mcu.externaltools.gnu-tools-for-stm32.12.3.rel1.win32_1.0.200.202406191623/tools/bin/../lib/gcc/arm-none-eabi/12.3.1/../../../../arm-none-eabi/bin/ld.exe: warning: basile.elf has a LOAD segment with RWX permissions
Finished building target: basile.elf
 
arm-none-eabi-size  basile.elf 
arm-none-eabi-objdump -h -S basile.elf  > "basile.list"
   text	   data	    bss	    dec	    hex	filename
  99136	    124	  19364	 118624	  1cf60	basile.elf
Finished building: default.size.stdout
 
Finished building: basile.list
 
20:52:17 **** Incremental Build of configuration Debug for project basile ****
make -j12 all 
arm-none-eabi-gcc "../Core/Src/test.c" -mcpu=cortex-m4 -std=gnu11 -g3 -DDEBUG -DUSE_HAL_DRIVER -DSTM32F407xx -DSTM32L476xx -c -I../Core/Inc -I../Drivers/STM32L4xx_HAL_Driver/Inc -I../Drivers/STM32L4xx_HAL_Driver/Inc/Legacy -I../Drivers/CMSIS/Device/ST/STM32L4xx/Include -I../Drivers/CMSIS/Include -I../LWIP -I../LWIP/App -I../LWIP/Target -I../Middlewares/Third_Party/LwIP/src/include -I../Middlewares/Third_Party/LwIP/src/include/compat/posix -I../Middlewares/Third_Party/LwIP/src/include/compat/posix/arpa -I../Middlewares/Third_Party/LwIP/src/include/compat/posix/net -I../Middlewares/Third_Party/LwIP/src/include/compat/posix/sys -I../Middlewares/Third_Party/LwIP/src/include/compat/stdc -I../Middlewares/Third_Party/LwIP/src/include/lwip -I../Middlewares/Third_Party/LwIP/src/include/lwip/apps -I../Middlewares/Third_Party/LwIP/src/include/lwip/priv -I../Middlewares/Third_Party/LwIP/src/include/lwip/prot -I../Middlewares/Third_Party/LwIP/src/include/netif -I../Middlewares/Third_Party/LwIP/src/include/netif/ppp -I../Middlewares/Third_Party/LwIP/system -I../Middlewares/Third_Party/LwIP/system/arch -I../Middlewares/Third_Party/FreeRTOS/Source/include -I../Middlewares/Third_Party/FreeRTOS/Source/CMSIS_RTOS -I../Middlewares/Third_Party/FreeRTOS/Source/portable/GCC/ARM_CM4F -I../Middlewares/Third_Party/LwIP/src/include/lwip -O0 -ffunction-sections -fdata-sections -Wall -fstack-usage -fcyclomatic-complexity -MMD -MP -MF"Core/Src/test.d" -MT"Core/Src/test.o" --specs=nano.specs -mfpu=fpv4-sp-d16 -mfloat-abi=hard -mthumb -o "Core/Src/test.o"
../Core/Src/test.c: In function 'exempleTestFunctionPattern':
../Core/Src/test.c:19:50: warning: pointer targets in assignment from 'char *' to 'uint8_t *' {aka 'unsigned char *'} differ in signedness [-Wpointer-sign]
   19 |         ptLocalTestStructure->pcTestFunctionName ="exempleTestFunctionPattern";
      |                                                  ^
../Core/Src/test.c: In function 'TFunction_Factory':
../Core/Src/test.c:40:25: warning: implicit declaration of function 'sprintf' [-Wimplicit-function-declaration]
   40 |                         sprintf(buffer, "%d", testStructure.ResultState);
      |                         ^~~~~~~
../Core/Src/test.c:10:1: note: include '<stdio.h>' or provide a declaration of 'sprintf'
    9 | #include "stm32l4xx_hal.h"
  +++ |+#include <stdio.h>
   10 | 
../Core/Src/test.c:40:25: warning: incompatible implicit declaration of built-in function 'sprintf' [-Wbuiltin-declaration-mismatch]
   40 |                         sprintf(buffer, "%d", testStructure.ResultState);
      |                         ^~~~~~~
../Core/Src/test.c:40:25: note: include '<stdio.h>' or provide a declaration of 'sprintf'
../Core/Src/test.c:41:39: warning: passing argument 1 of 'sprintf' makes pointer from integer without a cast [-Wint-conversion]
   41 |                         sprintf(buffer[sizeof(testStructure.ResultState)], "%d", testStructure.sTestFunctionNum);
      |                                 ~~~~~~^~~~~~~~~~~~~~~~~~~~~~~~~~~~~~~~~~~
      |                                       |
      |                                       char
../Core/Src/test.c:41:39: note: expected 'char *' but argument is of type 'char'
arm-none-eabi-gcc -o "basile.elf" @"objects.list"   -mcpu=cortex-m4 -T"C:\Users\hellm\Desktop\ENSI\la_base\Soft\basile\STM32L476RGTX_FLASH.ld" --specs=nosys.specs -Wl,-Map="basile.map" -Wl,--gc-sections -static --specs=nano.specs -mfpu=fpv4-sp-d16 -mfloat-abi=hard -mthumb -Wl,--start-group -lc -lm -Wl,--end-group
C:/ST/STM32CubeIDE_1.14.0/STM32CubeIDE/plugins/com.st.stm32cube.ide.mcu.externaltools.gnu-tools-for-stm32.12.3.rel1.win32_1.0.200.202406191623/tools/bin/../lib/gcc/arm-none-eabi/12.3.1/../../../../arm-none-eabi/bin/ld.exe: warning: basile.elf has a LOAD segment with RWX permissions
Finished building target: basile.elf
 
arm-none-eabi-size  basile.elf 
arm-none-eabi-objdump -h -S basile.elf  > "basile.list"
   text	   data	    bss	    dec	    hex	filename
  99136	    124	  19364	 118624	  1cf60	basile.elf
Finished building: default.size.stdout
 
Finished building: basile.list
 
20:53:37 **** Incremental Build of configuration Debug for project basile ****
make -j12 all 
arm-none-eabi-gcc "../Core/Src/test.c" -mcpu=cortex-m4 -std=gnu11 -g3 -DDEBUG -DUSE_HAL_DRIVER -DSTM32F407xx -DSTM32L476xx -c -I../Core/Inc -I../Drivers/STM32L4xx_HAL_Driver/Inc -I../Drivers/STM32L4xx_HAL_Driver/Inc/Legacy -I../Drivers/CMSIS/Device/ST/STM32L4xx/Include -I../Drivers/CMSIS/Include -I../LWIP -I../LWIP/App -I../LWIP/Target -I../Middlewares/Third_Party/LwIP/src/include -I../Middlewares/Third_Party/LwIP/src/include/compat/posix -I../Middlewares/Third_Party/LwIP/src/include/compat/posix/arpa -I../Middlewares/Third_Party/LwIP/src/include/compat/posix/net -I../Middlewares/Third_Party/LwIP/src/include/compat/posix/sys -I../Middlewares/Third_Party/LwIP/src/include/compat/stdc -I../Middlewares/Third_Party/LwIP/src/include/lwip -I../Middlewares/Third_Party/LwIP/src/include/lwip/apps -I../Middlewares/Third_Party/LwIP/src/include/lwip/priv -I../Middlewares/Third_Party/LwIP/src/include/lwip/prot -I../Middlewares/Third_Party/LwIP/src/include/netif -I../Middlewares/Third_Party/LwIP/src/include/netif/ppp -I../Middlewares/Third_Party/LwIP/system -I../Middlewares/Third_Party/LwIP/system/arch -I../Middlewares/Third_Party/FreeRTOS/Source/include -I../Middlewares/Third_Party/FreeRTOS/Source/CMSIS_RTOS -I../Middlewares/Third_Party/FreeRTOS/Source/portable/GCC/ARM_CM4F -I../Middlewares/Third_Party/LwIP/src/include/lwip -O0 -ffunction-sections -fdata-sections -Wall -fstack-usage -fcyclomatic-complexity -MMD -MP -MF"Core/Src/test.d" -MT"Core/Src/test.o" --specs=nano.specs -mfpu=fpv4-sp-d16 -mfloat-abi=hard -mthumb -o "Core/Src/test.o"
../Core/Src/test.c: In function 'exempleTestFunctionPattern':
../Core/Src/test.c:19:50: warning: pointer targets in assignment from 'char *' to 'uint8_t *' {aka 'unsigned char *'} differ in signedness [-Wpointer-sign]
   19 |         ptLocalTestStructure->pcTestFunctionName ="exempleTestFunctionPattern";
      |                                                  ^
../Core/Src/test.c: In function 'TFunction_Factory':
../Core/Src/test.c:40:25: warning: implicit declaration of function 'sprintf' [-Wimplicit-function-declaration]
   40 |                         sprintf(buffer, "%d", testStructure.ResultState);
      |                         ^~~~~~~
../Core/Src/test.c:10:1: note: include '<stdio.h>' or provide a declaration of 'sprintf'
    9 | #include "stm32l4xx_hal.h"
  +++ |+#include <stdio.h>
   10 | 
../Core/Src/test.c:40:25: warning: incompatible implicit declaration of built-in function 'sprintf' [-Wbuiltin-declaration-mismatch]
   40 |                         sprintf(buffer, "%d", testStructure.ResultState);
      |                         ^~~~~~~
../Core/Src/test.c:40:25: note: include '<stdio.h>' or provide a declaration of 'sprintf'
arm-none-eabi-gcc -o "basile.elf" @"objects.list"   -mcpu=cortex-m4 -T"C:\Users\hellm\Desktop\ENSI\la_base\Soft\basile\STM32L476RGTX_FLASH.ld" --specs=nosys.specs -Wl,-Map="basile.map" -Wl,--gc-sections -static --specs=nano.specs -mfpu=fpv4-sp-d16 -mfloat-abi=hard -mthumb -Wl,--start-group -lc -lm -Wl,--end-group
C:/ST/STM32CubeIDE_1.14.0/STM32CubeIDE/plugins/com.st.stm32cube.ide.mcu.externaltools.gnu-tools-for-stm32.12.3.rel1.win32_1.0.200.202406191623/tools/bin/../lib/gcc/arm-none-eabi/12.3.1/../../../../arm-none-eabi/bin/ld.exe: warning: basile.elf has a LOAD segment with RWX permissions
Finished building target: basile.elf
 
arm-none-eabi-size  basile.elf 
arm-none-eabi-objdump -h -S basile.elf  > "basile.list"
   text	   data	    bss	    dec	    hex	filename
  99152	    124	  19364	 118640	  1cf70	basile.elf
Finished building: default.size.stdout
 
Finished building: basile.list
 
20:56:20 **** Incremental Build of configuration Debug for project basile ****
make -j12 all 
arm-none-eabi-gcc "../Core/Src/test.c" -mcpu=cortex-m4 -std=gnu11 -g3 -DDEBUG -DUSE_HAL_DRIVER -DSTM32F407xx -DSTM32L476xx -c -I../Core/Inc -I../Drivers/STM32L4xx_HAL_Driver/Inc -I../Drivers/STM32L4xx_HAL_Driver/Inc/Legacy -I../Drivers/CMSIS/Device/ST/STM32L4xx/Include -I../Drivers/CMSIS/Include -I../LWIP -I../LWIP/App -I../LWIP/Target -I../Middlewares/Third_Party/LwIP/src/include -I../Middlewares/Third_Party/LwIP/src/include/compat/posix -I../Middlewares/Third_Party/LwIP/src/include/compat/posix/arpa -I../Middlewares/Third_Party/LwIP/src/include/compat/posix/net -I../Middlewares/Third_Party/LwIP/src/include/compat/posix/sys -I../Middlewares/Third_Party/LwIP/src/include/compat/stdc -I../Middlewares/Third_Party/LwIP/src/include/lwip -I../Middlewares/Third_Party/LwIP/src/include/lwip/apps -I../Middlewares/Third_Party/LwIP/src/include/lwip/priv -I../Middlewares/Third_Party/LwIP/src/include/lwip/prot -I../Middlewares/Third_Party/LwIP/src/include/netif -I../Middlewares/Third_Party/LwIP/src/include/netif/ppp -I../Middlewares/Third_Party/LwIP/system -I../Middlewares/Third_Party/LwIP/system/arch -I../Middlewares/Third_Party/FreeRTOS/Source/include -I../Middlewares/Third_Party/FreeRTOS/Source/CMSIS_RTOS -I../Middlewares/Third_Party/FreeRTOS/Source/portable/GCC/ARM_CM4F -I../Middlewares/Third_Party/LwIP/src/include/lwip -O0 -ffunction-sections -fdata-sections -Wall -fstack-usage -fcyclomatic-complexity -MMD -MP -MF"Core/Src/test.d" -MT"Core/Src/test.o" --specs=nano.specs -mfpu=fpv4-sp-d16 -mfloat-abi=hard -mthumb -o "Core/Src/test.o"
../Core/Src/test.c: In function 'exempleTestFunctionPattern':
../Core/Src/test.c:19:50: warning: pointer targets in assignment from 'char *' to 'uint8_t *' {aka 'unsigned char *'} differ in signedness [-Wpointer-sign]
   19 |         ptLocalTestStructure->pcTestFunctionName ="exempleTestFunctionPattern";
      |                                                  ^
../Core/Src/test.c: In function 'TFunction_Factory':
../Core/Src/test.c:41:25: warning: implicit declaration of function 'sprintf' [-Wimplicit-function-declaration]
   41 |                         sprintf(buffer, "%d", testStructure.ResultState);
      |                         ^~~~~~~
../Core/Src/test.c:10:1: note: include '<stdio.h>' or provide a declaration of 'sprintf'
    9 | #include "stm32l4xx_hal.h"
  +++ |+#include <stdio.h>
   10 | 
../Core/Src/test.c:41:25: warning: incompatible implicit declaration of built-in function 'sprintf' [-Wbuiltin-declaration-mismatch]
   41 |                         sprintf(buffer, "%d", testStructure.ResultState);
      |                         ^~~~~~~
../Core/Src/test.c:41:25: note: include '<stdio.h>' or provide a declaration of 'sprintf'
arm-none-eabi-gcc -o "basile.elf" @"objects.list"   -mcpu=cortex-m4 -T"C:\Users\hellm\Desktop\ENSI\la_base\Soft\basile\STM32L476RGTX_FLASH.ld" --specs=nosys.specs -Wl,-Map="basile.map" -Wl,--gc-sections -static --specs=nano.specs -mfpu=fpv4-sp-d16 -mfloat-abi=hard -mthumb -Wl,--start-group -lc -lm -Wl,--end-group
C:/ST/STM32CubeIDE_1.14.0/STM32CubeIDE/plugins/com.st.stm32cube.ide.mcu.externaltools.gnu-tools-for-stm32.12.3.rel1.win32_1.0.200.202406191623/tools/bin/../lib/gcc/arm-none-eabi/12.3.1/../../../../arm-none-eabi/bin/ld.exe: warning: basile.elf has a LOAD segment with RWX permissions
Finished building target: basile.elf
 
arm-none-eabi-size  basile.elf 
arm-none-eabi-objdump -h -S basile.elf  > "basile.list"
   text	   data	    bss	    dec	    hex	filename
  99184	    124	  19364	 118672	  1cf90	basile.elf
Finished building: default.size.stdout
 
Finished building: basile.list
 
21:05:14 **** Incremental Build of configuration Debug for project basile ****
make -j12 all 
arm-none-eabi-gcc "../Core/Src/test.c" -mcpu=cortex-m4 -std=gnu11 -g3 -DDEBUG -DUSE_HAL_DRIVER -DSTM32F407xx -DSTM32L476xx -c -I../Core/Inc -I../Drivers/STM32L4xx_HAL_Driver/Inc -I../Drivers/STM32L4xx_HAL_Driver/Inc/Legacy -I../Drivers/CMSIS/Device/ST/STM32L4xx/Include -I../Drivers/CMSIS/Include -I../LWIP -I../LWIP/App -I../LWIP/Target -I../Middlewares/Third_Party/LwIP/src/include -I../Middlewares/Third_Party/LwIP/src/include/compat/posix -I../Middlewares/Third_Party/LwIP/src/include/compat/posix/arpa -I../Middlewares/Third_Party/LwIP/src/include/compat/posix/net -I../Middlewares/Third_Party/LwIP/src/include/compat/posix/sys -I../Middlewares/Third_Party/LwIP/src/include/compat/stdc -I../Middlewares/Third_Party/LwIP/src/include/lwip -I../Middlewares/Third_Party/LwIP/src/include/lwip/apps -I../Middlewares/Third_Party/LwIP/src/include/lwip/priv -I../Middlewares/Third_Party/LwIP/src/include/lwip/prot -I../Middlewares/Third_Party/LwIP/src/include/netif -I../Middlewares/Third_Party/LwIP/src/include/netif/ppp -I../Middlewares/Third_Party/LwIP/system -I../Middlewares/Third_Party/LwIP/system/arch -I../Middlewares/Third_Party/FreeRTOS/Source/include -I../Middlewares/Third_Party/FreeRTOS/Source/CMSIS_RTOS -I../Middlewares/Third_Party/FreeRTOS/Source/portable/GCC/ARM_CM4F -I../Middlewares/Third_Party/LwIP/src/include/lwip -O0 -ffunction-sections -fdata-sections -Wall -fstack-usage -fcyclomatic-complexity -MMD -MP -MF"Core/Src/test.d" -MT"Core/Src/test.o" --specs=nano.specs -mfpu=fpv4-sp-d16 -mfloat-abi=hard -mthumb -o "Core/Src/test.o"
../Core/Src/test.c: In function 'exempleTestFunctionPattern':
../Core/Src/test.c:19:50: warning: pointer targets in assignment from 'char *' to 'uint8_t *' {aka 'unsigned char *'} differ in signedness [-Wpointer-sign]
   19 |         ptLocalTestStructure->pcTestFunctionName ="exempleTestFunctionPattern";
      |                                                  ^
../Core/Src/test.c: In function 'TFunction_Factory':
../Core/Src/test.c:41:25: warning: implicit declaration of function 'sprintf' [-Wimplicit-function-declaration]
   41 |                         sprintf(buffer, "resultat du test=%d,", testStructure.ResultState);
      |                         ^~~~~~~
../Core/Src/test.c:10:1: note: include '<stdio.h>' or provide a declaration of 'sprintf'
    9 | #include "stm32l4xx_hal.h"
  +++ |+#include <stdio.h>
   10 | 
../Core/Src/test.c:41:25: warning: incompatible implicit declaration of built-in function 'sprintf' [-Wbuiltin-declaration-mismatch]
   41 |                         sprintf(buffer, "resultat du test=%d,", testStructure.ResultState);
      |                         ^~~~~~~
../Core/Src/test.c:41:25: note: include '<stdio.h>' or provide a declaration of 'sprintf'
arm-none-eabi-gcc -o "basile.elf" @"objects.list"   -mcpu=cortex-m4 -T"C:\Users\hellm\Desktop\ENSI\la_base\Soft\basile\STM32L476RGTX_FLASH.ld" --specs=nosys.specs -Wl,-Map="basile.map" -Wl,--gc-sections -static --specs=nano.specs -mfpu=fpv4-sp-d16 -mfloat-abi=hard -mthumb -Wl,--start-group -lc -lm -Wl,--end-group
C:/ST/STM32CubeIDE_1.14.0/STM32CubeIDE/plugins/com.st.stm32cube.ide.mcu.externaltools.gnu-tools-for-stm32.12.3.rel1.win32_1.0.200.202406191623/tools/bin/../lib/gcc/arm-none-eabi/12.3.1/../../../../arm-none-eabi/bin/ld.exe: warning: basile.elf has a LOAD segment with RWX permissions
Finished building target: basile.elf
 
arm-none-eabi-size  basile.elf 
arm-none-eabi-objdump -h -S basile.elf  > "basile.list"
   text	   data	    bss	    dec	    hex	filename
  99156	    124	  19364	 118644	  1cf74	basile.elf
Finished building: default.size.stdout
 
Finished building: basile.list
 
21:06:24 **** Incremental Build of configuration Debug for project basile ****
make -j12 all 
arm-none-eabi-gcc "../Core/Src/test.c" -mcpu=cortex-m4 -std=gnu11 -g3 -DDEBUG -DUSE_HAL_DRIVER -DSTM32F407xx -DSTM32L476xx -c -I../Core/Inc -I../Drivers/STM32L4xx_HAL_Driver/Inc -I../Drivers/STM32L4xx_HAL_Driver/Inc/Legacy -I../Drivers/CMSIS/Device/ST/STM32L4xx/Include -I../Drivers/CMSIS/Include -I../LWIP -I../LWIP/App -I../LWIP/Target -I../Middlewares/Third_Party/LwIP/src/include -I../Middlewares/Third_Party/LwIP/src/include/compat/posix -I../Middlewares/Third_Party/LwIP/src/include/compat/posix/arpa -I../Middlewares/Third_Party/LwIP/src/include/compat/posix/net -I../Middlewares/Third_Party/LwIP/src/include/compat/posix/sys -I../Middlewares/Third_Party/LwIP/src/include/compat/stdc -I../Middlewares/Third_Party/LwIP/src/include/lwip -I../Middlewares/Third_Party/LwIP/src/include/lwip/apps -I../Middlewares/Third_Party/LwIP/src/include/lwip/priv -I../Middlewares/Third_Party/LwIP/src/include/lwip/prot -I../Middlewares/Third_Party/LwIP/src/include/netif -I../Middlewares/Third_Party/LwIP/src/include/netif/ppp -I../Middlewares/Third_Party/LwIP/system -I../Middlewares/Third_Party/LwIP/system/arch -I../Middlewares/Third_Party/FreeRTOS/Source/include -I../Middlewares/Third_Party/FreeRTOS/Source/CMSIS_RTOS -I../Middlewares/Third_Party/FreeRTOS/Source/portable/GCC/ARM_CM4F -I../Middlewares/Third_Party/LwIP/src/include/lwip -O0 -ffunction-sections -fdata-sections -Wall -fstack-usage -fcyclomatic-complexity -MMD -MP -MF"Core/Src/test.d" -MT"Core/Src/test.o" --specs=nano.specs -mfpu=fpv4-sp-d16 -mfloat-abi=hard -mthumb -o "Core/Src/test.o"
../Core/Src/test.c: In function 'exempleTestFunctionPattern':
../Core/Src/test.c:19:50: warning: pointer targets in assignment from 'char *' to 'uint8_t *' {aka 'unsigned char *'} differ in signedness [-Wpointer-sign]
   19 |         ptLocalTestStructure->pcTestFunctionName ="exempleTestFunctionPattern";
      |                                                  ^
../Core/Src/test.c: In function 'TFunction_Factory':
../Core/Src/test.c:41:25: warning: implicit declaration of function 'sprintf' [-Wimplicit-function-declaration]
   41 |                         sprintf(buffer, "resultat du test=%d,", testStructure.ResultState);
      |                         ^~~~~~~
../Core/Src/test.c:10:1: note: include '<stdio.h>' or provide a declaration of 'sprintf'
    9 | #include "stm32l4xx_hal.h"
  +++ |+#include <stdio.h>
   10 | 
../Core/Src/test.c:41:25: warning: incompatible implicit declaration of built-in function 'sprintf' [-Wbuiltin-declaration-mismatch]
   41 |                         sprintf(buffer, "resultat du test=%d,", testStructure.ResultState);
      |                         ^~~~~~~
../Core/Src/test.c:41:25: note: include '<stdio.h>' or provide a declaration of 'sprintf'
../Core/Src/test.c:44:71: warning: implicit declaration of function 'strlen' [-Wimplicit-function-declaration]
   44 |                         HAL_UART_Transmit(&huart2, (uint8_t*)buffer , strlen(buffer), 1000);
      |                                                                       ^~~~~~
../Core/Src/test.c:10:1: note: include '<string.h>' or provide a declaration of 'strlen'
    9 | #include "stm32l4xx_hal.h"
  +++ |+#include <string.h>
   10 | 
../Core/Src/test.c:44:71: warning: incompatible implicit declaration of built-in function 'strlen' [-Wbuiltin-declaration-mismatch]
   44 |                         HAL_UART_Transmit(&huart2, (uint8_t*)buffer , strlen(buffer), 1000);
      |                                                                       ^~~~~~
../Core/Src/test.c:44:71: note: include '<string.h>' or provide a declaration of 'strlen'
../Core/Src/test.c:29:18: warning: unused variable 'sStackPointerBuffer' [-Wunused-variable]
   29 |         uint16_t sStackPointerBuffer = 0;
      |                  ^~~~~~~~~~~~~~~~~~~
arm-none-eabi-gcc -o "basile.elf" @"objects.list"   -mcpu=cortex-m4 -T"C:\Users\hellm\Desktop\ENSI\la_base\Soft\basile\STM32L476RGTX_FLASH.ld" --specs=nosys.specs -Wl,-Map="basile.map" -Wl,--gc-sections -static --specs=nano.specs -mfpu=fpv4-sp-d16 -mfloat-abi=hard -mthumb -Wl,--start-group -lc -lm -Wl,--end-group
C:/ST/STM32CubeIDE_1.14.0/STM32CubeIDE/plugins/com.st.stm32cube.ide.mcu.externaltools.gnu-tools-for-stm32.12.3.rel1.win32_1.0.200.202406191623/tools/bin/../lib/gcc/arm-none-eabi/12.3.1/../../../../arm-none-eabi/bin/ld.exe: warning: basile.elf has a LOAD segment with RWX permissions
Finished building target: basile.elf
 
arm-none-eabi-size  basile.elf 
arm-none-eabi-objdump -h -S basile.elf  > "basile.list"
   text	   data	    bss	    dec	    hex	filename
  99172	    124	  19364	 118660	  1cf84	basile.elf
Finished building: default.size.stdout
 
Finished building: basile.list
 
21:08:50 **** Incremental Build of configuration Debug for project basile ****
make -j12 all 
arm-none-eabi-gcc "../Core/Src/test.c" -mcpu=cortex-m4 -std=gnu11 -g3 -DDEBUG -DUSE_HAL_DRIVER -DSTM32F407xx -DSTM32L476xx -c -I../Core/Inc -I../Drivers/STM32L4xx_HAL_Driver/Inc -I../Drivers/STM32L4xx_HAL_Driver/Inc/Legacy -I../Drivers/CMSIS/Device/ST/STM32L4xx/Include -I../Drivers/CMSIS/Include -I../LWIP -I../LWIP/App -I../LWIP/Target -I../Middlewares/Third_Party/LwIP/src/include -I../Middlewares/Third_Party/LwIP/src/include/compat/posix -I../Middlewares/Third_Party/LwIP/src/include/compat/posix/arpa -I../Middlewares/Third_Party/LwIP/src/include/compat/posix/net -I../Middlewares/Third_Party/LwIP/src/include/compat/posix/sys -I../Middlewares/Third_Party/LwIP/src/include/compat/stdc -I../Middlewares/Third_Party/LwIP/src/include/lwip -I../Middlewares/Third_Party/LwIP/src/include/lwip/apps -I../Middlewares/Third_Party/LwIP/src/include/lwip/priv -I../Middlewares/Third_Party/LwIP/src/include/lwip/prot -I../Middlewares/Third_Party/LwIP/src/include/netif -I../Middlewares/Third_Party/LwIP/src/include/netif/ppp -I../Middlewares/Third_Party/LwIP/system -I../Middlewares/Third_Party/LwIP/system/arch -I../Middlewares/Third_Party/FreeRTOS/Source/include -I../Middlewares/Third_Party/FreeRTOS/Source/CMSIS_RTOS -I../Middlewares/Third_Party/FreeRTOS/Source/portable/GCC/ARM_CM4F -I../Middlewares/Third_Party/LwIP/src/include/lwip -O0 -ffunction-sections -fdata-sections -Wall -fstack-usage -fcyclomatic-complexity -MMD -MP -MF"Core/Src/test.d" -MT"Core/Src/test.o" --specs=nano.specs -mfpu=fpv4-sp-d16 -mfloat-abi=hard -mthumb -o "Core/Src/test.o"
../Core/Src/test.c: In function 'exempleTestFunctionPattern':
../Core/Src/test.c:19:50: warning: pointer targets in assignment from 'char *' to 'uint8_t *' {aka 'unsigned char *'} differ in signedness [-Wpointer-sign]
   19 |         ptLocalTestStructure->pcTestFunctionName ="exempleTestFunctionPattern";
      |                                                  ^
../Core/Src/test.c: In function 'TFunction_Factory':
../Core/Src/test.c:41:25: warning: implicit declaration of function 'sprintf' [-Wimplicit-function-declaration]
   41 |                         sprintf(buffer, "resultat du test=%d, ", testStructure.ResultState);
      |                         ^~~~~~~
../Core/Src/test.c:10:1: note: include '<stdio.h>' or provide a declaration of 'sprintf'
    9 | #include "stm32l4xx_hal.h"
  +++ |+#include <stdio.h>
   10 | 
../Core/Src/test.c:41:25: warning: incompatible implicit declaration of built-in function 'sprintf' [-Wbuiltin-declaration-mismatch]
   41 |                         sprintf(buffer, "resultat du test=%d, ", testStructure.ResultState);
      |                         ^~~~~~~
../Core/Src/test.c:41:25: note: include '<stdio.h>' or provide a declaration of 'sprintf'
../Core/Src/test.c:42:41: warning: implicit declaration of function 'strlen' [-Wimplicit-function-declaration]
   42 |                         sprintf(&buffer[strlen(buffer)], "sTestFunctionNum=%d,", testStructure.sTestFunctionNum);
      |                                         ^~~~~~
../Core/Src/test.c:10:1: note: include '<string.h>' or provide a declaration of 'strlen'
    9 | #include "stm32l4xx_hal.h"
  +++ |+#include <string.h>
   10 | 
../Core/Src/test.c:42:41: warning: incompatible implicit declaration of built-in function 'strlen' [-Wbuiltin-declaration-mismatch]
   42 |                         sprintf(&buffer[strlen(buffer)], "sTestFunctionNum=%d,", testStructure.sTestFunctionNum);
      |                                         ^~~~~~
../Core/Src/test.c:42:41: note: include '<string.h>' or provide a declaration of 'strlen'
../Core/Src/test.c:29:18: warning: unused variable 'sStackPointerBuffer' [-Wunused-variable]
   29 |         uint16_t sStackPointerBuffer = 0;
      |                  ^~~~~~~~~~~~~~~~~~~
arm-none-eabi-gcc -o "basile.elf" @"objects.list"   -mcpu=cortex-m4 -T"C:\Users\hellm\Desktop\ENSI\la_base\Soft\basile\STM32L476RGTX_FLASH.ld" --specs=nosys.specs -Wl,-Map="basile.map" -Wl,--gc-sections -static --specs=nano.specs -mfpu=fpv4-sp-d16 -mfloat-abi=hard -mthumb -Wl,--start-group -lc -lm -Wl,--end-group
C:/ST/STM32CubeIDE_1.14.0/STM32CubeIDE/plugins/com.st.stm32cube.ide.mcu.externaltools.gnu-tools-for-stm32.12.3.rel1.win32_1.0.200.202406191623/tools/bin/../lib/gcc/arm-none-eabi/12.3.1/../../../../arm-none-eabi/bin/ld.exe: warning: basile.elf has a LOAD segment with RWX permissions
Finished building target: basile.elf
 
arm-none-eabi-size  basile.elf 
arm-none-eabi-objdump -h -S basile.elf  > "basile.list"
   text	   data	    bss	    dec	    hex	filename
  99244	    124	  19364	 118732	  1cfcc	basile.elf
Finished building: default.size.stdout
 
Finished building: basile.list
 
21:19:19 **** Incremental Build of configuration Debug for project basile ****
make -j12 all 
arm-none-eabi-gcc "../Core/Src/test.c" -mcpu=cortex-m4 -std=gnu11 -g3 -DDEBUG -DUSE_HAL_DRIVER -DSTM32F407xx -DSTM32L476xx -c -I../Core/Inc -I../Drivers/STM32L4xx_HAL_Driver/Inc -I../Drivers/STM32L4xx_HAL_Driver/Inc/Legacy -I../Drivers/CMSIS/Device/ST/STM32L4xx/Include -I../Drivers/CMSIS/Include -I../LWIP -I../LWIP/App -I../LWIP/Target -I../Middlewares/Third_Party/LwIP/src/include -I../Middlewares/Third_Party/LwIP/src/include/compat/posix -I../Middlewares/Third_Party/LwIP/src/include/compat/posix/arpa -I../Middlewares/Third_Party/LwIP/src/include/compat/posix/net -I../Middlewares/Third_Party/LwIP/src/include/compat/posix/sys -I../Middlewares/Third_Party/LwIP/src/include/compat/stdc -I../Middlewares/Third_Party/LwIP/src/include/lwip -I../Middlewares/Third_Party/LwIP/src/include/lwip/apps -I../Middlewares/Third_Party/LwIP/src/include/lwip/priv -I../Middlewares/Third_Party/LwIP/src/include/lwip/prot -I../Middlewares/Third_Party/LwIP/src/include/netif -I../Middlewares/Third_Party/LwIP/src/include/netif/ppp -I../Middlewares/Third_Party/LwIP/system -I../Middlewares/Third_Party/LwIP/system/arch -I../Middlewares/Third_Party/FreeRTOS/Source/include -I../Middlewares/Third_Party/FreeRTOS/Source/CMSIS_RTOS -I../Middlewares/Third_Party/FreeRTOS/Source/portable/GCC/ARM_CM4F -I../Middlewares/Third_Party/LwIP/src/include/lwip -O0 -ffunction-sections -fdata-sections -Wall -fstack-usage -fcyclomatic-complexity -MMD -MP -MF"Core/Src/test.d" -MT"Core/Src/test.o" --specs=nano.specs -mfpu=fpv4-sp-d16 -mfloat-abi=hard -mthumb -o "Core/Src/test.o"
../Core/Src/test.c: In function 'exempleTestFunctionPattern':
../Core/Src/test.c:19:50: warning: pointer targets in assignment from 'char *' to 'uint8_t *' {aka 'unsigned char *'} differ in signedness [-Wpointer-sign]
   19 |         ptLocalTestStructure->pcTestFunctionName ="exempleTestFunctionPattern";
      |                                                  ^
../Core/Src/test.c: In function 'TFunction_Factory':
../Core/Src/test.c:41:25: warning: implicit declaration of function 'memcpy' [-Wimplicit-function-declaration]
   41 |                         memcpy( buffer, testStructure.pcTestFunctionName,  strlen(testStructure.pcTestFunctionName));
      |                         ^~~~~~
../Core/Src/test.c:10:1: note: include '<string.h>' or provide a declaration of 'memcpy'
    9 | #include "stm32l4xx_hal.h"
  +++ |+#include <string.h>
   10 | 
../Core/Src/test.c:41:25: warning: incompatible implicit declaration of built-in function 'memcpy' [-Wbuiltin-declaration-mismatch]
   41 |                         memcpy( buffer, testStructure.pcTestFunctionName,  strlen(testStructure.pcTestFunctionName));
      |                         ^~~~~~
../Core/Src/test.c:41:25: note: include '<string.h>' or provide a declaration of 'memcpy'
../Core/Src/test.c:41:76: warning: implicit declaration of function 'strlen' [-Wimplicit-function-declaration]
   41 |                         memcpy( buffer, testStructure.pcTestFunctionName,  strlen(testStructure.pcTestFunctionName));
      |                                                                            ^~~~~~
../Core/Src/test.c:41:76: note: include '<string.h>' or provide a declaration of 'strlen'
../Core/Src/test.c:41:76: warning: incompatible implicit declaration of built-in function 'strlen' [-Wbuiltin-declaration-mismatch]
../Core/Src/test.c:41:76: note: include '<string.h>' or provide a declaration of 'strlen'
../Core/Src/test.c:41:96: warning: pointer targets in passing argument 1 of 'strlen' differ in signedness [-Wpointer-sign]
   41 |                         memcpy( buffer, testStructure.pcTestFunctionName,  strlen(testStructure.pcTestFunctionName));
      |                                                                                   ~~~~~~~~~~~~~^~~~~~~~~~~~~~~~~~~
      |                                                                                                |
      |                                                                                                uint8_t * {aka unsigned char *}
../Core/Src/test.c:41:96: note: expected 'const char *' but argument is of type 'uint8_t *' {aka 'unsigned char *'}
../Core/Src/test.c:42:25: warning: implicit declaration of function 'sprintf' [-Wimplicit-function-declaration]
   42 |                         sprintf(buffer, "resultat du test=%d, ", testStructure.ResultState);
      |                         ^~~~~~~
../Core/Src/test.c:10:1: note: include '<stdio.h>' or provide a declaration of 'sprintf'
    9 | #include "stm32l4xx_hal.h"
  +++ |+#include <stdio.h>
   10 | 
../Core/Src/test.c:42:25: warning: incompatible implicit declaration of built-in function 'sprintf' [-Wbuiltin-declaration-mismatch]
   42 |                         sprintf(buffer, "resultat du test=%d, ", testStructure.ResultState);
      |                         ^~~~~~~
../Core/Src/test.c:42:25: note: include '<stdio.h>' or provide a declaration of 'sprintf'
../Core/Src/test.c:29:18: warning: unused variable 'sStackPointerBuffer' [-Wunused-variable]
   29 |         uint16_t sStackPointerBuffer = 0;
      |                  ^~~~~~~~~~~~~~~~~~~
arm-none-eabi-gcc -o "basile.elf" @"objects.list"   -mcpu=cortex-m4 -T"C:\Users\hellm\Desktop\ENSI\la_base\Soft\basile\STM32L476RGTX_FLASH.ld" --specs=nosys.specs -Wl,-Map="basile.map" -Wl,--gc-sections -static --specs=nano.specs -mfpu=fpv4-sp-d16 -mfloat-abi=hard -mthumb -Wl,--start-group -lc -lm -Wl,--end-group
C:/ST/STM32CubeIDE_1.14.0/STM32CubeIDE/plugins/com.st.stm32cube.ide.mcu.externaltools.gnu-tools-for-stm32.12.3.rel1.win32_1.0.200.202406191623/tools/bin/../lib/gcc/arm-none-eabi/12.3.1/../../../../arm-none-eabi/bin/ld.exe: warning: basile.elf has a LOAD segment with RWX permissions
Finished building target: basile.elf
 
arm-none-eabi-size  basile.elf 
arm-none-eabi-objdump -h -S basile.elf  > "basile.list"
   text	   data	    bss	    dec	    hex	filename
  99308	    124	  19364	 118796	  1d00c	basile.elf
Finished building: default.size.stdout
 
Finished building: basile.list
 
21:20:29 **** Incremental Build of configuration Debug for project basile ****
make -j12 all 
arm-none-eabi-gcc "../Core/Src/test.c" -mcpu=cortex-m4 -std=gnu11 -g3 -DDEBUG -DUSE_HAL_DRIVER -DSTM32F407xx -DSTM32L476xx -c -I../Core/Inc -I../Drivers/STM32L4xx_HAL_Driver/Inc -I../Drivers/STM32L4xx_HAL_Driver/Inc/Legacy -I../Drivers/CMSIS/Device/ST/STM32L4xx/Include -I../Drivers/CMSIS/Include -I../LWIP -I../LWIP/App -I../LWIP/Target -I../Middlewares/Third_Party/LwIP/src/include -I../Middlewares/Third_Party/LwIP/src/include/compat/posix -I../Middlewares/Third_Party/LwIP/src/include/compat/posix/arpa -I../Middlewares/Third_Party/LwIP/src/include/compat/posix/net -I../Middlewares/Third_Party/LwIP/src/include/compat/posix/sys -I../Middlewares/Third_Party/LwIP/src/include/compat/stdc -I../Middlewares/Third_Party/LwIP/src/include/lwip -I../Middlewares/Third_Party/LwIP/src/include/lwip/apps -I../Middlewares/Third_Party/LwIP/src/include/lwip/priv -I../Middlewares/Third_Party/LwIP/src/include/lwip/prot -I../Middlewares/Third_Party/LwIP/src/include/netif -I../Middlewares/Third_Party/LwIP/src/include/netif/ppp -I../Middlewares/Third_Party/LwIP/system -I../Middlewares/Third_Party/LwIP/system/arch -I../Middlewares/Third_Party/FreeRTOS/Source/include -I../Middlewares/Third_Party/FreeRTOS/Source/CMSIS_RTOS -I../Middlewares/Third_Party/FreeRTOS/Source/portable/GCC/ARM_CM4F -I../Middlewares/Third_Party/LwIP/src/include/lwip -O0 -ffunction-sections -fdata-sections -Wall -fstack-usage -fcyclomatic-complexity -MMD -MP -MF"Core/Src/test.d" -MT"Core/Src/test.o" --specs=nano.specs -mfpu=fpv4-sp-d16 -mfloat-abi=hard -mthumb -o "Core/Src/test.o"
../Core/Src/test.c: In function 'exempleTestFunctionPattern':
../Core/Src/test.c:19:50: warning: pointer targets in assignment from 'char *' to 'uint8_t *' {aka 'unsigned char *'} differ in signedness [-Wpointer-sign]
   19 |         ptLocalTestStructure->pcTestFunctionName ="exempleTestFunctionPattern";
      |                                                  ^
../Core/Src/test.c: In function 'TFunction_Factory':
../Core/Src/test.c:41:25: warning: implicit declaration of function 'memcpy' [-Wimplicit-function-declaration]
   41 |                         memcpy( buffer, testStructure.pcTestFunctionName,  strlen(testStructure.pcTestFunctionName));
      |                         ^~~~~~
../Core/Src/test.c:10:1: note: include '<string.h>' or provide a declaration of 'memcpy'
    9 | #include "stm32l4xx_hal.h"
  +++ |+#include <string.h>
   10 | 
../Core/Src/test.c:41:25: warning: incompatible implicit declaration of built-in function 'memcpy' [-Wbuiltin-declaration-mismatch]
   41 |                         memcpy( buffer, testStructure.pcTestFunctionName,  strlen(testStructure.pcTestFunctionName));
      |                         ^~~~~~
../Core/Src/test.c:41:25: note: include '<string.h>' or provide a declaration of 'memcpy'
../Core/Src/test.c:41:76: warning: implicit declaration of function 'strlen' [-Wimplicit-function-declaration]
   41 |                         memcpy( buffer, testStructure.pcTestFunctionName,  strlen(testStructure.pcTestFunctionName));
      |                                                                            ^~~~~~
../Core/Src/test.c:41:76: note: include '<string.h>' or provide a declaration of 'strlen'
../Core/Src/test.c:41:76: warning: incompatible implicit declaration of built-in function 'strlen' [-Wbuiltin-declaration-mismatch]
../Core/Src/test.c:41:76: note: include '<string.h>' or provide a declaration of 'strlen'
../Core/Src/test.c:41:96: warning: pointer targets in passing argument 1 of 'strlen' differ in signedness [-Wpointer-sign]
   41 |                         memcpy( buffer, testStructure.pcTestFunctionName,  strlen(testStructure.pcTestFunctionName));
      |                                                                                   ~~~~~~~~~~~~~^~~~~~~~~~~~~~~~~~~
      |                                                                                                |
      |                                                                                                uint8_t * {aka unsigned char *}
../Core/Src/test.c:41:96: note: expected 'const char *' but argument is of type 'uint8_t *' {aka 'unsigned char *'}
../Core/Src/test.c:42:25: warning: implicit declaration of function 'sprintf' [-Wimplicit-function-declaration]
   42 |                         sprintf(buffer, "resultat du test=%d, ", testStructure.ResultState);
      |                         ^~~~~~~
../Core/Src/test.c:10:1: note: include '<stdio.h>' or provide a declaration of 'sprintf'
    9 | #include "stm32l4xx_hal.h"
  +++ |+#include <stdio.h>
   10 | 
../Core/Src/test.c:42:25: warning: incompatible implicit declaration of built-in function 'sprintf' [-Wbuiltin-declaration-mismatch]
   42 |                         sprintf(buffer, "resultat du test=%d, ", testStructure.ResultState);
      |                         ^~~~~~~
../Core/Src/test.c:42:25: note: include '<stdio.h>' or provide a declaration of 'sprintf'
../Core/Src/test.c:29:18: warning: unused variable 'sStackPointerBuffer' [-Wunused-variable]
   29 |         uint16_t sStackPointerBuffer = 0;
      |                  ^~~~~~~~~~~~~~~~~~~
arm-none-eabi-gcc -o "basile.elf" @"objects.list"   -mcpu=cortex-m4 -T"C:\Users\hellm\Desktop\ENSI\la_base\Soft\basile\STM32L476RGTX_FLASH.ld" --specs=nosys.specs -Wl,-Map="basile.map" -Wl,--gc-sections -static --specs=nano.specs -mfpu=fpv4-sp-d16 -mfloat-abi=hard -mthumb -Wl,--start-group -lc -lm -Wl,--end-group
C:/ST/STM32CubeIDE_1.14.0/STM32CubeIDE/plugins/com.st.stm32cube.ide.mcu.externaltools.gnu-tools-for-stm32.12.3.rel1.win32_1.0.200.202406191623/tools/bin/../lib/gcc/arm-none-eabi/12.3.1/../../../../arm-none-eabi/bin/ld.exe: warning: basile.elf has a LOAD segment with RWX permissions
Finished building target: basile.elf
 
arm-none-eabi-size  basile.elf 
arm-none-eabi-objdump -h -S basile.elf  > "basile.list"
   text	   data	    bss	    dec	    hex	filename
  99308	    124	  19364	 118796	  1d00c	basile.elf
Finished building: default.size.stdout
 
Finished building: basile.list
 
21:22:54 **** Incremental Build of configuration Debug for project basile ****
make -j12 all 
arm-none-eabi-gcc "../Core/Src/test.c" -mcpu=cortex-m4 -std=gnu11 -g3 -DDEBUG -DUSE_HAL_DRIVER -DSTM32F407xx -DSTM32L476xx -c -I../Core/Inc -I../Drivers/STM32L4xx_HAL_Driver/Inc -I../Drivers/STM32L4xx_HAL_Driver/Inc/Legacy -I../Drivers/CMSIS/Device/ST/STM32L4xx/Include -I../Drivers/CMSIS/Include -I../LWIP -I../LWIP/App -I../LWIP/Target -I../Middlewares/Third_Party/LwIP/src/include -I../Middlewares/Third_Party/LwIP/src/include/compat/posix -I../Middlewares/Third_Party/LwIP/src/include/compat/posix/arpa -I../Middlewares/Third_Party/LwIP/src/include/compat/posix/net -I../Middlewares/Third_Party/LwIP/src/include/compat/posix/sys -I../Middlewares/Third_Party/LwIP/src/include/compat/stdc -I../Middlewares/Third_Party/LwIP/src/include/lwip -I../Middlewares/Third_Party/LwIP/src/include/lwip/apps -I../Middlewares/Third_Party/LwIP/src/include/lwip/priv -I../Middlewares/Third_Party/LwIP/src/include/lwip/prot -I../Middlewares/Third_Party/LwIP/src/include/netif -I../Middlewares/Third_Party/LwIP/src/include/netif/ppp -I../Middlewares/Third_Party/LwIP/system -I../Middlewares/Third_Party/LwIP/system/arch -I../Middlewares/Third_Party/FreeRTOS/Source/include -I../Middlewares/Third_Party/FreeRTOS/Source/CMSIS_RTOS -I../Middlewares/Third_Party/FreeRTOS/Source/portable/GCC/ARM_CM4F -I../Middlewares/Third_Party/LwIP/src/include/lwip -O0 -ffunction-sections -fdata-sections -Wall -fstack-usage -fcyclomatic-complexity -MMD -MP -MF"Core/Src/test.d" -MT"Core/Src/test.o" --specs=nano.specs -mfpu=fpv4-sp-d16 -mfloat-abi=hard -mthumb -o "Core/Src/test.o"
../Core/Src/test.c: In function 'exempleTestFunctionPattern':
../Core/Src/test.c:19:50: warning: pointer targets in assignment from 'char *' to 'uint8_t *' {aka 'unsigned char *'} differ in signedness [-Wpointer-sign]
   19 |         ptLocalTestStructure->pcTestFunctionName ="exempleTestFunctionPattern";
      |                                                  ^
../Core/Src/test.c: In function 'TFunction_Factory':
../Core/Src/test.c:41:25: warning: implicit declaration of function 'memcpy' [-Wimplicit-function-declaration]
   41 |                         memcpy( buffer, testStructure.pcTestFunctionName,  strlen(testStructure.pcTestFunctionName));
      |                         ^~~~~~
../Core/Src/test.c:10:1: note: include '<string.h>' or provide a declaration of 'memcpy'
    9 | #include "stm32l4xx_hal.h"
  +++ |+#include <string.h>
   10 | 
../Core/Src/test.c:41:25: warning: incompatible implicit declaration of built-in function 'memcpy' [-Wbuiltin-declaration-mismatch]
   41 |                         memcpy( buffer, testStructure.pcTestFunctionName,  strlen(testStructure.pcTestFunctionName));
      |                         ^~~~~~
../Core/Src/test.c:41:25: note: include '<string.h>' or provide a declaration of 'memcpy'
../Core/Src/test.c:41:76: warning: implicit declaration of function 'strlen' [-Wimplicit-function-declaration]
   41 |                         memcpy( buffer, testStructure.pcTestFunctionName,  strlen(testStructure.pcTestFunctionName));
      |                                                                            ^~~~~~
../Core/Src/test.c:41:76: note: include '<string.h>' or provide a declaration of 'strlen'
../Core/Src/test.c:41:76: warning: incompatible implicit declaration of built-in function 'strlen' [-Wbuiltin-declaration-mismatch]
../Core/Src/test.c:41:76: note: include '<string.h>' or provide a declaration of 'strlen'
../Core/Src/test.c:41:96: warning: pointer targets in passing argument 1 of 'strlen' differ in signedness [-Wpointer-sign]
   41 |                         memcpy( buffer, testStructure.pcTestFunctionName,  strlen(testStructure.pcTestFunctionName));
      |                                                                                   ~~~~~~~~~~~~~^~~~~~~~~~~~~~~~~~~
      |                                                                                                |
      |                                                                                                uint8_t * {aka unsigned char *}
../Core/Src/test.c:41:96: note: expected 'const char *' but argument is of type 'uint8_t *' {aka 'unsigned char *'}
../Core/Src/test.c:42:25: warning: implicit declaration of function 'sprintf' [-Wimplicit-function-declaration]
   42 |                         sprintf(&buffer[strlen(buffer)], "resultat du test=%d, ", testStructure.ResultState);
      |                         ^~~~~~~
../Core/Src/test.c:10:1: note: include '<stdio.h>' or provide a declaration of 'sprintf'
    9 | #include "stm32l4xx_hal.h"
  +++ |+#include <stdio.h>
   10 | 
../Core/Src/test.c:42:25: warning: incompatible implicit declaration of built-in function 'sprintf' [-Wbuiltin-declaration-mismatch]
   42 |                         sprintf(&buffer[strlen(buffer)], "resultat du test=%d, ", testStructure.ResultState);
      |                         ^~~~~~~
../Core/Src/test.c:42:25: note: include '<stdio.h>' or provide a declaration of 'sprintf'
../Core/Src/test.c:29:18: warning: unused variable 'sStackPointerBuffer' [-Wunused-variable]
   29 |         uint16_t sStackPointerBuffer = 0;
      |                  ^~~~~~~~~~~~~~~~~~~
arm-none-eabi-gcc -o "basile.elf" @"objects.list"   -mcpu=cortex-m4 -T"C:\Users\hellm\Desktop\ENSI\la_base\Soft\basile\STM32L476RGTX_FLASH.ld" --specs=nosys.specs -Wl,-Map="basile.map" -Wl,--gc-sections -static --specs=nano.specs -mfpu=fpv4-sp-d16 -mfloat-abi=hard -mthumb -Wl,--start-group -lc -lm -Wl,--end-group
C:/ST/STM32CubeIDE_1.14.0/STM32CubeIDE/plugins/com.st.stm32cube.ide.mcu.externaltools.gnu-tools-for-stm32.12.3.rel1.win32_1.0.200.202406191623/tools/bin/../lib/gcc/arm-none-eabi/12.3.1/../../../../arm-none-eabi/bin/ld.exe: warning: basile.elf has a LOAD segment with RWX permissions
Finished building target: basile.elf
 
arm-none-eabi-size  basile.elf 
arm-none-eabi-objdump -h -S basile.elf  > "basile.list"
   text	   data	    bss	    dec	    hex	filename
  99324	    124	  19364	 118812	  1d01c	basile.elf
Finished building: default.size.stdout
 
Finished building: basile.list
 
21:27:08 **** Build of configuration Debug for project GIT_example_STM32_HAL_LWIP_ENC28J ****
make -j12 all 
arm-none-eabi-size  GIT_example_STM32_HAL_LWIP_ENC28J.elf 
   text	   data	    bss	    dec	    hex	filename
  90144	    124	  22100	 112368	  1b6f0	GIT_example_STM32_HAL_LWIP_ENC28J.elf
Finished building: default.size.stdout
 
21:27:09 **** Incremental Build of configuration Debug for project basile ****
make -j12 all 
arm-none-eabi-gcc "../Core/Src/test.c" -mcpu=cortex-m4 -std=gnu11 -g3 -DDEBUG -DUSE_HAL_DRIVER -DSTM32F407xx -DSTM32L476xx -c -I../Core/Inc -I../Drivers/STM32L4xx_HAL_Driver/Inc -I../Drivers/STM32L4xx_HAL_Driver/Inc/Legacy -I../Drivers/CMSIS/Device/ST/STM32L4xx/Include -I../Drivers/CMSIS/Include -I../LWIP -I../LWIP/App -I../LWIP/Target -I../Middlewares/Third_Party/LwIP/src/include -I../Middlewares/Third_Party/LwIP/src/include/compat/posix -I../Middlewares/Third_Party/LwIP/src/include/compat/posix/arpa -I../Middlewares/Third_Party/LwIP/src/include/compat/posix/net -I../Middlewares/Third_Party/LwIP/src/include/compat/posix/sys -I../Middlewares/Third_Party/LwIP/src/include/compat/stdc -I../Middlewares/Third_Party/LwIP/src/include/lwip -I../Middlewares/Third_Party/LwIP/src/include/lwip/apps -I../Middlewares/Third_Party/LwIP/src/include/lwip/priv -I../Middlewares/Third_Party/LwIP/src/include/lwip/prot -I../Middlewares/Third_Party/LwIP/src/include/netif -I../Middlewares/Third_Party/LwIP/src/include/netif/ppp -I../Middlewares/Third_Party/LwIP/system -I../Middlewares/Third_Party/LwIP/system/arch -I../Middlewares/Third_Party/FreeRTOS/Source/include -I../Middlewares/Third_Party/FreeRTOS/Source/CMSIS_RTOS -I../Middlewares/Third_Party/FreeRTOS/Source/portable/GCC/ARM_CM4F -I../Middlewares/Third_Party/LwIP/src/include/lwip -O0 -ffunction-sections -fdata-sections -Wall -fstack-usage -fcyclomatic-complexity -MMD -MP -MF"Core/Src/test.d" -MT"Core/Src/test.o" --specs=nano.specs -mfpu=fpv4-sp-d16 -mfloat-abi=hard -mthumb -o "Core/Src/test.o"
../Core/Src/test.c: In function 'exempleTestFunctionPattern':
../Core/Src/test.c:19:50: warning: pointer targets in assignment from 'char *' to 'uint8_t *' {aka 'unsigned char *'} differ in signedness [-Wpointer-sign]
   19 |         ptLocalTestStructure->pcTestFunctionName ="exempleTestFunctionPattern";
      |                                                  ^
../Core/Src/test.c: In function 'TFunction_Factory':
../Core/Src/test.c:40:25: warning: implicit declaration of function 'memcpy' [-Wimplicit-function-declaration]
   40 |                         memcpy( buffer, testStructure.pcTestFunctionName,  strlen(testStructure.pcTestFunctionName));
      |                         ^~~~~~
../Core/Src/test.c:10:1: note: include '<string.h>' or provide a declaration of 'memcpy'
    9 | #include "stm32l4xx_hal.h"
  +++ |+#include <string.h>
   10 | 
../Core/Src/test.c:40:25: warning: incompatible implicit declaration of built-in function 'memcpy' [-Wbuiltin-declaration-mismatch]
   40 |                         memcpy( buffer, testStructure.pcTestFunctionName,  strlen(testStructure.pcTestFunctionName));
      |                         ^~~~~~
../Core/Src/test.c:40:25: note: include '<string.h>' or provide a declaration of 'memcpy'
../Core/Src/test.c:40:76: warning: implicit declaration of function 'strlen' [-Wimplicit-function-declaration]
   40 |                         memcpy( buffer, testStructure.pcTestFunctionName,  strlen(testStructure.pcTestFunctionName));
      |                                                                            ^~~~~~
../Core/Src/test.c:40:76: note: include '<string.h>' or provide a declaration of 'strlen'
../Core/Src/test.c:40:76: warning: incompatible implicit declaration of built-in function 'strlen' [-Wbuiltin-declaration-mismatch]
../Core/Src/test.c:40:76: note: include '<string.h>' or provide a declaration of 'strlen'
../Core/Src/test.c:40:96: warning: pointer targets in passing argument 1 of 'strlen' differ in signedness [-Wpointer-sign]
   40 |                         memcpy( buffer, testStructure.pcTestFunctionName,  strlen(testStructure.pcTestFunctionName));
      |                                                                                   ~~~~~~~~~~~~~^~~~~~~~~~~~~~~~~~~
      |                                                                                                |
      |                                                                                                uint8_t * {aka unsigned char *}
../Core/Src/test.c:40:96: note: expected 'const char *' but argument is of type 'uint8_t *' {aka 'unsigned char *'}
../Core/Src/test.c:41:25: warning: implicit declaration of function 'sprintf' [-Wimplicit-function-declaration]
   41 |                         sprintf(&buffer[strlen(buffer)], ", sTestFunctionNum=%d, ", i);
      |                         ^~~~~~~
../Core/Src/test.c:10:1: note: include '<stdio.h>' or provide a declaration of 'sprintf'
    9 | #include "stm32l4xx_hal.h"
  +++ |+#include <stdio.h>
   10 | 
../Core/Src/test.c:41:25: warning: incompatible implicit declaration of built-in function 'sprintf' [-Wbuiltin-declaration-mismatch]
   41 |                         sprintf(&buffer[strlen(buffer)], ", sTestFunctionNum=%d, ", i);
      |                         ^~~~~~~
../Core/Src/test.c:41:25: note: include '<stdio.h>' or provide a declaration of 'sprintf'
../Core/Src/test.c:43:103: error: 'testStructure_t' has no member named 'pc'
   43 |                         memcpy( &buffer[strlen(buffer)], testStructure.pcbuffer,  strlen(testStructure.pc));
      |                                                                                                       ^
../Core/Src/test.c:28:18: warning: unused variable 'sStackPointerBuffer' [-Wunused-variable]
   28 |         uint16_t sStackPointerBuffer = 0;
      |                  ^~~~~~~~~~~~~~~~~~~
make: *** [Core/Src/subdir.mk:52: Core/Src/test.o] Error 1
"make -j12 all" terminated with exit code 2. Build might be incomplete.
21:27:25 **** Incremental Build of configuration Debug for project GIT_example_STM32_HAL_LWIP_ENC28J ****
make -j12 all 
arm-none-eabi-size  GIT_example_STM32_HAL_LWIP_ENC28J.elf 
   text	   data	    bss	    dec	    hex	filename
  90144	    124	  22100	 112368	  1b6f0	GIT_example_STM32_HAL_LWIP_ENC28J.elf
Finished building: default.size.stdout
 
21:27:26 **** Incremental Build of configuration Debug for project basile ****
make -j12 all 
arm-none-eabi-gcc "../Core/Src/test.c" -mcpu=cortex-m4 -std=gnu11 -g3 -DDEBUG -DUSE_HAL_DRIVER -DSTM32F407xx -DSTM32L476xx -c -I../Core/Inc -I../Drivers/STM32L4xx_HAL_Driver/Inc -I../Drivers/STM32L4xx_HAL_Driver/Inc/Legacy -I../Drivers/CMSIS/Device/ST/STM32L4xx/Include -I../Drivers/CMSIS/Include -I../LWIP -I../LWIP/App -I../LWIP/Target -I../Middlewares/Third_Party/LwIP/src/include -I../Middlewares/Third_Party/LwIP/src/include/compat/posix -I../Middlewares/Third_Party/LwIP/src/include/compat/posix/arpa -I../Middlewares/Third_Party/LwIP/src/include/compat/posix/net -I../Middlewares/Third_Party/LwIP/src/include/compat/posix/sys -I../Middlewares/Third_Party/LwIP/src/include/compat/stdc -I../Middlewares/Third_Party/LwIP/src/include/lwip -I../Middlewares/Third_Party/LwIP/src/include/lwip/apps -I../Middlewares/Third_Party/LwIP/src/include/lwip/priv -I../Middlewares/Third_Party/LwIP/src/include/lwip/prot -I../Middlewares/Third_Party/LwIP/src/include/netif -I../Middlewares/Third_Party/LwIP/src/include/netif/ppp -I../Middlewares/Third_Party/LwIP/system -I../Middlewares/Third_Party/LwIP/system/arch -I../Middlewares/Third_Party/FreeRTOS/Source/include -I../Middlewares/Third_Party/FreeRTOS/Source/CMSIS_RTOS -I../Middlewares/Third_Party/FreeRTOS/Source/portable/GCC/ARM_CM4F -I../Middlewares/Third_Party/LwIP/src/include/lwip -O0 -ffunction-sections -fdata-sections -Wall -fstack-usage -fcyclomatic-complexity -MMD -MP -MF"Core/Src/test.d" -MT"Core/Src/test.o" --specs=nano.specs -mfpu=fpv4-sp-d16 -mfloat-abi=hard -mthumb -o "Core/Src/test.o"
../Core/Src/test.c: In function 'exempleTestFunctionPattern':
../Core/Src/test.c:19:50: warning: pointer targets in assignment from 'char *' to 'uint8_t *' {aka 'unsigned char *'} differ in signedness [-Wpointer-sign]
   19 |         ptLocalTestStructure->pcTestFunctionName ="exempleTestFunctionPattern";
      |                                                  ^
../Core/Src/test.c: In function 'TFunction_Factory':
../Core/Src/test.c:40:25: warning: implicit declaration of function 'memcpy' [-Wimplicit-function-declaration]
   40 |                         memcpy( buffer, testStructure.pcTestFunctionName,  strlen(testStructure.pcTestFunctionName));
      |                         ^~~~~~
../Core/Src/test.c:10:1: note: include '<string.h>' or provide a declaration of 'memcpy'
    9 | #include "stm32l4xx_hal.h"
  +++ |+#include <string.h>
   10 | 
../Core/Src/test.c:40:25: warning: incompatible implicit declaration of built-in function 'memcpy' [-Wbuiltin-declaration-mismatch]
   40 |                         memcpy( buffer, testStructure.pcTestFunctionName,  strlen(testStructure.pcTestFunctionName));
      |                         ^~~~~~
../Core/Src/test.c:40:25: note: include '<string.h>' or provide a declaration of 'memcpy'
../Core/Src/test.c:40:76: warning: implicit declaration of function 'strlen' [-Wimplicit-function-declaration]
   40 |                         memcpy( buffer, testStructure.pcTestFunctionName,  strlen(testStructure.pcTestFunctionName));
      |                                                                            ^~~~~~
../Core/Src/test.c:40:76: note: include '<string.h>' or provide a declaration of 'strlen'
../Core/Src/test.c:40:76: warning: incompatible implicit declaration of built-in function 'strlen' [-Wbuiltin-declaration-mismatch]
../Core/Src/test.c:40:76: note: include '<string.h>' or provide a declaration of 'strlen'
../Core/Src/test.c:40:96: warning: pointer targets in passing argument 1 of 'strlen' differ in signedness [-Wpointer-sign]
   40 |                         memcpy( buffer, testStructure.pcTestFunctionName,  strlen(testStructure.pcTestFunctionName));
      |                                                                                   ~~~~~~~~~~~~~^~~~~~~~~~~~~~~~~~~
      |                                                                                                |
      |                                                                                                uint8_t * {aka unsigned char *}
../Core/Src/test.c:40:96: note: expected 'const char *' but argument is of type 'uint8_t *' {aka 'unsigned char *'}
../Core/Src/test.c:41:25: warning: implicit declaration of function 'sprintf' [-Wimplicit-function-declaration]
   41 |                         sprintf(&buffer[strlen(buffer)], ", sTestFunctionNum=%d, ", i);
      |                         ^~~~~~~
../Core/Src/test.c:10:1: note: include '<stdio.h>' or provide a declaration of 'sprintf'
    9 | #include "stm32l4xx_hal.h"
  +++ |+#include <stdio.h>
   10 | 
../Core/Src/test.c:41:25: warning: incompatible implicit declaration of built-in function 'sprintf' [-Wbuiltin-declaration-mismatch]
   41 |                         sprintf(&buffer[strlen(buffer)], ", sTestFunctionNum=%d, ", i);
      |                         ^~~~~~~
../Core/Src/test.c:41:25: note: include '<stdio.h>' or provide a declaration of 'sprintf'
../Core/Src/test.c:28:18: warning: unused variable 'sStackPointerBuffer' [-Wunused-variable]
   28 |         uint16_t sStackPointerBuffer = 0;
      |                  ^~~~~~~~~~~~~~~~~~~
arm-none-eabi-gcc -o "basile.elf" @"objects.list"   -mcpu=cortex-m4 -T"C:\Users\hellm\Desktop\ENSI\la_base\Soft\basile\STM32L476RGTX_FLASH.ld" --specs=nosys.specs -Wl,-Map="basile.map" -Wl,--gc-sections -static --specs=nano.specs -mfpu=fpv4-sp-d16 -mfloat-abi=hard -mthumb -Wl,--start-group -lc -lm -Wl,--end-group
C:/ST/STM32CubeIDE_1.14.0/STM32CubeIDE/plugins/com.st.stm32cube.ide.mcu.externaltools.gnu-tools-for-stm32.12.3.rel1.win32_1.0.200.202406191623/tools/bin/../lib/gcc/arm-none-eabi/12.3.1/../../../../arm-none-eabi/bin/ld.exe: warning: basile.elf has a LOAD segment with RWX permissions
Finished building target: basile.elf
 
arm-none-eabi-size  basile.elf 
arm-none-eabi-objdump -h -S basile.elf  > "basile.list"
   text	   data	    bss	    dec	    hex	filename
  99336	    124	  19364	 118824	  1d028	basile.elf
Finished building: default.size.stdout
 
Finished building: basile.list
 
21:30:29 **** Incremental Build of configuration Debug for project basile ****
make -j12 all 
arm-none-eabi-gcc "../Core/Src/test.c" -mcpu=cortex-m4 -std=gnu11 -g3 -DDEBUG -DUSE_HAL_DRIVER -DSTM32F407xx -DSTM32L476xx -c -I../Core/Inc -I../Drivers/STM32L4xx_HAL_Driver/Inc -I../Drivers/STM32L4xx_HAL_Driver/Inc/Legacy -I../Drivers/CMSIS/Device/ST/STM32L4xx/Include -I../Drivers/CMSIS/Include -I../LWIP -I../LWIP/App -I../LWIP/Target -I../Middlewares/Third_Party/LwIP/src/include -I../Middlewares/Third_Party/LwIP/src/include/compat/posix -I../Middlewares/Third_Party/LwIP/src/include/compat/posix/arpa -I../Middlewares/Third_Party/LwIP/src/include/compat/posix/net -I../Middlewares/Third_Party/LwIP/src/include/compat/posix/sys -I../Middlewares/Third_Party/LwIP/src/include/compat/stdc -I../Middlewares/Third_Party/LwIP/src/include/lwip -I../Middlewares/Third_Party/LwIP/src/include/lwip/apps -I../Middlewares/Third_Party/LwIP/src/include/lwip/priv -I../Middlewares/Third_Party/LwIP/src/include/lwip/prot -I../Middlewares/Third_Party/LwIP/src/include/netif -I../Middlewares/Third_Party/LwIP/src/include/netif/ppp -I../Middlewares/Third_Party/LwIP/system -I../Middlewares/Third_Party/LwIP/system/arch -I../Middlewares/Third_Party/FreeRTOS/Source/include -I../Middlewares/Third_Party/FreeRTOS/Source/CMSIS_RTOS -I../Middlewares/Third_Party/FreeRTOS/Source/portable/GCC/ARM_CM4F -I../Middlewares/Third_Party/LwIP/src/include/lwip -O0 -ffunction-sections -fdata-sections -Wall -fstack-usage -fcyclomatic-complexity -MMD -MP -MF"Core/Src/test.d" -MT"Core/Src/test.o" --specs=nano.specs -mfpu=fpv4-sp-d16 -mfloat-abi=hard -mthumb -o "Core/Src/test.o"
../Core/Src/test.c: In function 'exempleTestFunctionPattern':
../Core/Src/test.c:19:50: warning: pointer targets in assignment from 'char *' to 'uint8_t *' {aka 'unsigned char *'} differ in signedness [-Wpointer-sign]
   19 |         ptLocalTestStructure->pcTestFunctionName ="exempleTestFunctionPattern";
      |                                                  ^
../Core/Src/test.c: In function 'TFunction_Factory':
../Core/Src/test.c:39:25: warning: implicit declaration of function 'memcpy' [-Wimplicit-function-declaration]
   39 |                         memcpy( buffer, testStructure.pcTestFunctionName,  strlen(testStructure.pcTestFunctionName));
      |                         ^~~~~~
../Core/Src/test.c:10:1: note: include '<string.h>' or provide a declaration of 'memcpy'
    9 | #include "stm32l4xx_hal.h"
  +++ |+#include <string.h>
   10 | 
../Core/Src/test.c:39:25: warning: incompatible implicit declaration of built-in function 'memcpy' [-Wbuiltin-declaration-mismatch]
   39 |                         memcpy( buffer, testStructure.pcTestFunctionName,  strlen(testStructure.pcTestFunctionName));
      |                         ^~~~~~
../Core/Src/test.c:39:25: note: include '<string.h>' or provide a declaration of 'memcpy'
../Core/Src/test.c:39:76: warning: implicit declaration of function 'strlen' [-Wimplicit-function-declaration]
   39 |                         memcpy( buffer, testStructure.pcTestFunctionName,  strlen(testStructure.pcTestFunctionName));
      |                                                                            ^~~~~~
../Core/Src/test.c:39:76: note: include '<string.h>' or provide a declaration of 'strlen'
../Core/Src/test.c:39:76: warning: incompatible implicit declaration of built-in function 'strlen' [-Wbuiltin-declaration-mismatch]
../Core/Src/test.c:39:76: note: include '<string.h>' or provide a declaration of 'strlen'
../Core/Src/test.c:39:96: warning: pointer targets in passing argument 1 of 'strlen' differ in signedness [-Wpointer-sign]
   39 |                         memcpy( buffer, testStructure.pcTestFunctionName,  strlen(testStructure.pcTestFunctionName));
      |                                                                                   ~~~~~~~~~~~~~^~~~~~~~~~~~~~~~~~~
      |                                                                                                |
      |                                                                                                uint8_t * {aka unsigned char *}
../Core/Src/test.c:39:96: note: expected 'const char *' but argument is of type 'uint8_t *' {aka 'unsigned char *'}
../Core/Src/test.c:40:25: warning: implicit declaration of function 'sprintf' [-Wimplicit-function-declaration]
   40 |                         sprintf(&buffer[strlen(buffer)], ", sTestFunctionNum=%d, ", i);
      |                         ^~~~~~~
../Core/Src/test.c:10:1: note: include '<stdio.h>' or provide a declaration of 'sprintf'
    9 | #include "stm32l4xx_hal.h"
  +++ |+#include <stdio.h>
   10 | 
../Core/Src/test.c:40:25: warning: incompatible implicit declaration of built-in function 'sprintf' [-Wbuiltin-declaration-mismatch]
   40 |                         sprintf(&buffer[strlen(buffer)], ", sTestFunctionNum=%d, ", i);
      |                         ^~~~~~~
../Core/Src/test.c:40:25: note: include '<stdio.h>' or provide a declaration of 'sprintf'
arm-none-eabi-gcc -o "basile.elf" @"objects.list"   -mcpu=cortex-m4 -T"C:\Users\hellm\Desktop\ENSI\la_base\Soft\basile\STM32L476RGTX_FLASH.ld" --specs=nosys.specs -Wl,-Map="basile.map" -Wl,--gc-sections -static --specs=nano.specs -mfpu=fpv4-sp-d16 -mfloat-abi=hard -mthumb -Wl,--start-group -lc -lm -Wl,--end-group
C:/ST/STM32CubeIDE_1.14.0/STM32CubeIDE/plugins/com.st.stm32cube.ide.mcu.externaltools.gnu-tools-for-stm32.12.3.rel1.win32_1.0.200.202406191623/tools/bin/../lib/gcc/arm-none-eabi/12.3.1/../../../../arm-none-eabi/bin/ld.exe: warning: basile.elf has a LOAD segment with RWX permissions
Finished building target: basile.elf
 
arm-none-eabi-size  basile.elf 
arm-none-eabi-objdump -h -S basile.elf  > "basile.list"
   text	   data	    bss	    dec	    hex	filename
  99392	    124	  19364	 118880	  1d060	basile.elf
Finished building: default.size.stdout
 
Finished building: basile.list
 
18:37:21 **** Incremental Build of configuration Debug for project basile ****
make -j12 all 
arm-none-eabi-gcc "../Core/Src/test.c" -mcpu=cortex-m4 -std=gnu11 -g3 -DDEBUG -DUSE_HAL_DRIVER -DSTM32F407xx -DSTM32L476xx -c -I../Core/Inc -I../Drivers/STM32L4xx_HAL_Driver/Inc -I../Drivers/STM32L4xx_HAL_Driver/Inc/Legacy -I../Drivers/CMSIS/Device/ST/STM32L4xx/Include -I../Drivers/CMSIS/Include -I../LWIP -I../LWIP/App -I../LWIP/Target -I../Middlewares/Third_Party/LwIP/src/include -I../Middlewares/Third_Party/LwIP/src/include/compat/posix -I../Middlewares/Third_Party/LwIP/src/include/compat/posix/arpa -I../Middlewares/Third_Party/LwIP/src/include/compat/posix/net -I../Middlewares/Third_Party/LwIP/src/include/compat/posix/sys -I../Middlewares/Third_Party/LwIP/src/include/compat/stdc -I../Middlewares/Third_Party/LwIP/src/include/lwip -I../Middlewares/Third_Party/LwIP/src/include/lwip/apps -I../Middlewares/Third_Party/LwIP/src/include/lwip/priv -I../Middlewares/Third_Party/LwIP/src/include/lwip/prot -I../Middlewares/Third_Party/LwIP/src/include/netif -I../Middlewares/Third_Party/LwIP/src/include/netif/ppp -I../Middlewares/Third_Party/LwIP/system -I../Middlewares/Third_Party/LwIP/system/arch -I../Middlewares/Third_Party/FreeRTOS/Source/include -I../Middlewares/Third_Party/FreeRTOS/Source/CMSIS_RTOS -I../Middlewares/Third_Party/FreeRTOS/Source/portable/GCC/ARM_CM4F -I../Middlewares/Third_Party/LwIP/src/include/lwip -O0 -ffunction-sections -fdata-sections -Wall -fstack-usage -fcyclomatic-complexity -MMD -MP -MF"Core/Src/test.d" -MT"Core/Src/test.o" --specs=nano.specs -mfpu=fpv4-sp-d16 -mfloat-abi=hard -mthumb -o "Core/Src/test.o"
../Core/Src/test.c: In function 'exempleTestFunctionPattern':
../Core/Src/test.c:20:50: warning: pointer targets in assignment from 'char *' to 'uint8_t *' {aka 'unsigned char *'} differ in signedness [-Wpointer-sign]
   20 |         ptLocalTestStructure->pcTestFunctionName ="exempleTestFunctionPattern";
      |                                                  ^
../Core/Src/test.c: In function 'TFunction_Factory':
../Core/Src/test.c:41:25: warning: implicit declaration of function 'memcpy' [-Wimplicit-function-declaration]
   41 |                         memcpy( buffer, testStructure.pcTestFunctionName,  strlen(testStructure.pcTestFunctionName));
      |                         ^~~~~~
../Core/Src/test.c:10:1: note: include '<string.h>' or provide a declaration of 'memcpy'
    9 | #include "stm32l4xx_hal.h"
  +++ |+#include <string.h>
   10 | 
../Core/Src/test.c:41:25: warning: incompatible implicit declaration of built-in function 'memcpy' [-Wbuiltin-declaration-mismatch]
   41 |                         memcpy( buffer, testStructure.pcTestFunctionName,  strlen(testStructure.pcTestFunctionName));
      |                         ^~~~~~
../Core/Src/test.c:41:25: note: include '<string.h>' or provide a declaration of 'memcpy'
../Core/Src/test.c:41:76: warning: implicit declaration of function 'strlen' [-Wimplicit-function-declaration]
   41 |                         memcpy( buffer, testStructure.pcTestFunctionName,  strlen(testStructure.pcTestFunctionName));
      |                                                                            ^~~~~~
../Core/Src/test.c:41:76: note: include '<string.h>' or provide a declaration of 'strlen'
../Core/Src/test.c:41:76: warning: incompatible implicit declaration of built-in function 'strlen' [-Wbuiltin-declaration-mismatch]
../Core/Src/test.c:41:76: note: include '<string.h>' or provide a declaration of 'strlen'
../Core/Src/test.c:41:96: warning: pointer targets in passing argument 1 of 'strlen' differ in signedness [-Wpointer-sign]
   41 |                         memcpy( buffer, testStructure.pcTestFunctionName,  strlen(testStructure.pcTestFunctionName));
      |                                                                                   ~~~~~~~~~~~~~^~~~~~~~~~~~~~~~~~~
      |                                                                                                |
      |                                                                                                uint8_t * {aka unsigned char *}
../Core/Src/test.c:41:96: note: expected 'const char *' but argument is of type 'uint8_t *' {aka 'unsigned char *'}
../Core/Src/test.c:42:25: warning: implicit declaration of function 'sprintf' [-Wimplicit-function-declaration]
   42 |                         sprintf(&buffer[strlen(buffer)], ", sTestFunctionNum=%d, ", i);
      |                         ^~~~~~~
../Core/Src/test.c:10:1: note: include '<stdio.h>' or provide a declaration of 'sprintf'
    9 | #include "stm32l4xx_hal.h"
  +++ |+#include <stdio.h>
   10 | 
../Core/Src/test.c:42:25: warning: incompatible implicit declaration of built-in function 'sprintf' [-Wbuiltin-declaration-mismatch]
   42 |                         sprintf(&buffer[strlen(buffer)], ", sTestFunctionNum=%d, ", i);
      |                         ^~~~~~~
../Core/Src/test.c:42:25: note: include '<stdio.h>' or provide a declaration of 'sprintf'
arm-none-eabi-gcc -o "basile.elf" @"objects.list"   -mcpu=cortex-m4 -T"C:\Users\hellm\Desktop\ENSI\la_base\Soft\basile\STM32L476RGTX_FLASH.ld" --specs=nosys.specs -Wl,-Map="basile.map" -Wl,--gc-sections -static --specs=nano.specs -mfpu=fpv4-sp-d16 -mfloat-abi=hard -mthumb -Wl,--start-group -lc -lm -Wl,--end-group
C:/ST/STM32CubeIDE_1.14.0/STM32CubeIDE/plugins/com.st.stm32cube.ide.mcu.externaltools.gnu-tools-for-stm32.12.3.rel1.win32_1.0.200.202406191623/tools/bin/../lib/gcc/arm-none-eabi/12.3.1/../../../../arm-none-eabi/bin/ld.exe: warning: basile.elf has a LOAD segment with RWX permissions
Finished building target: basile.elf
 
arm-none-eabi-size  basile.elf 
arm-none-eabi-objdump -h -S basile.elf  > "basile.list"
   text	   data	    bss	    dec	    hex	filename
  99400	    124	  19364	 118888	  1d068	basile.elf
Finished building: default.size.stdout
 
Finished building: basile.list
 
18:40:49 **** Incremental Build of configuration Debug for project basile ****
make -j12 all 
arm-none-eabi-gcc "../Core/Src/test.c" -mcpu=cortex-m4 -std=gnu11 -g3 -DDEBUG -DUSE_HAL_DRIVER -DSTM32F407xx -DSTM32L476xx -c -I../Core/Inc -I../Drivers/STM32L4xx_HAL_Driver/Inc -I../Drivers/STM32L4xx_HAL_Driver/Inc/Legacy -I../Drivers/CMSIS/Device/ST/STM32L4xx/Include -I../Drivers/CMSIS/Include -I../LWIP -I../LWIP/App -I../LWIP/Target -I../Middlewares/Third_Party/LwIP/src/include -I../Middlewares/Third_Party/LwIP/src/include/compat/posix -I../Middlewares/Third_Party/LwIP/src/include/compat/posix/arpa -I../Middlewares/Third_Party/LwIP/src/include/compat/posix/net -I../Middlewares/Third_Party/LwIP/src/include/compat/posix/sys -I../Middlewares/Third_Party/LwIP/src/include/compat/stdc -I../Middlewares/Third_Party/LwIP/src/include/lwip -I../Middlewares/Third_Party/LwIP/src/include/lwip/apps -I../Middlewares/Third_Party/LwIP/src/include/lwip/priv -I../Middlewares/Third_Party/LwIP/src/include/lwip/prot -I../Middlewares/Third_Party/LwIP/src/include/netif -I../Middlewares/Third_Party/LwIP/src/include/netif/ppp -I../Middlewares/Third_Party/LwIP/system -I../Middlewares/Third_Party/LwIP/system/arch -I../Middlewares/Third_Party/FreeRTOS/Source/include -I../Middlewares/Third_Party/FreeRTOS/Source/CMSIS_RTOS -I../Middlewares/Third_Party/FreeRTOS/Source/portable/GCC/ARM_CM4F -I../Middlewares/Third_Party/LwIP/src/include/lwip -O0 -ffunction-sections -fdata-sections -Wall -fstack-usage -fcyclomatic-complexity -MMD -MP -MF"Core/Src/test.d" -MT"Core/Src/test.o" --specs=nano.specs -mfpu=fpv4-sp-d16 -mfloat-abi=hard -mthumb -o "Core/Src/test.o"
../Core/Src/test.c: In function 'exempleTestFunctionPattern':
../Core/Src/test.c:20:50: warning: pointer targets in assignment from 'char *' to 'uint8_t *' {aka 'unsigned char *'} differ in signedness [-Wpointer-sign]
   20 |         ptLocalTestStructure->pcTestFunctionName ="exempleTestFunctionPattern";
      |                                                  ^
../Core/Src/test.c: In function 'TFunction_Factory':
../Core/Src/test.c:42:25: warning: implicit declaration of function 'memcpy' [-Wimplicit-function-declaration]
   42 |                         memcpy( buffer, testStructure.pcTestFunctionName,  strlen(testStructure.pcTestFunctionName));
      |                         ^~~~~~
../Core/Src/test.c:10:1: note: include '<string.h>' or provide a declaration of 'memcpy'
    9 | #include "stm32l4xx_hal.h"
  +++ |+#include <string.h>
   10 | 
../Core/Src/test.c:42:25: warning: incompatible implicit declaration of built-in function 'memcpy' [-Wbuiltin-declaration-mismatch]
   42 |                         memcpy( buffer, testStructure.pcTestFunctionName,  strlen(testStructure.pcTestFunctionName));
      |                         ^~~~~~
../Core/Src/test.c:42:25: note: include '<string.h>' or provide a declaration of 'memcpy'
../Core/Src/test.c:42:76: warning: implicit declaration of function 'strlen' [-Wimplicit-function-declaration]
   42 |                         memcpy( buffer, testStructure.pcTestFunctionName,  strlen(testStructure.pcTestFunctionName));
      |                                                                            ^~~~~~
../Core/Src/test.c:42:76: note: include '<string.h>' or provide a declaration of 'strlen'
../Core/Src/test.c:42:76: warning: incompatible implicit declaration of built-in function 'strlen' [-Wbuiltin-declaration-mismatch]
../Core/Src/test.c:42:76: note: include '<string.h>' or provide a declaration of 'strlen'
../Core/Src/test.c:42:96: warning: pointer targets in passing argument 1 of 'strlen' differ in signedness [-Wpointer-sign]
   42 |                         memcpy( buffer, testStructure.pcTestFunctionName,  strlen(testStructure.pcTestFunctionName));
      |                                                                                   ~~~~~~~~~~~~~^~~~~~~~~~~~~~~~~~~
      |                                                                                                |
      |                                                                                                uint8_t * {aka unsigned char *}
../Core/Src/test.c:42:96: note: expected 'const char *' but argument is of type 'uint8_t *' {aka 'unsigned char *'}
../Core/Src/test.c:43:25: warning: implicit declaration of function 'sprintf' [-Wimplicit-function-declaration]
   43 |                         sprintf(&buffer[strlen(buffer)], ", sTestFunctionNum=%d, ", i);
      |                         ^~~~~~~
../Core/Src/test.c:10:1: note: include '<stdio.h>' or provide a declaration of 'sprintf'
    9 | #include "stm32l4xx_hal.h"
  +++ |+#include <stdio.h>
   10 | 
../Core/Src/test.c:43:25: warning: incompatible implicit declaration of built-in function 'sprintf' [-Wbuiltin-declaration-mismatch]
   43 |                         sprintf(&buffer[strlen(buffer)], ", sTestFunctionNum=%d, ", i);
      |                         ^~~~~~~
../Core/Src/test.c:43:25: note: include '<stdio.h>' or provide a declaration of 'sprintf'
arm-none-eabi-gcc -o "basile.elf" @"objects.list"   -mcpu=cortex-m4 -T"C:\Users\hellm\Desktop\ENSI\la_base\Soft\basile\STM32L476RGTX_FLASH.ld" --specs=nosys.specs -Wl,-Map="basile.map" -Wl,--gc-sections -static --specs=nano.specs -mfpu=fpv4-sp-d16 -mfloat-abi=hard -mthumb -Wl,--start-group -lc -lm -Wl,--end-group
C:/ST/STM32CubeIDE_1.14.0/STM32CubeIDE/plugins/com.st.stm32cube.ide.mcu.externaltools.gnu-tools-for-stm32.12.3.rel1.win32_1.0.200.202406191623/tools/bin/../lib/gcc/arm-none-eabi/12.3.1/../../../../arm-none-eabi/bin/ld.exe: warning: basile.elf has a LOAD segment with RWX permissions
Finished building target: basile.elf
 
arm-none-eabi-size  basile.elf 
arm-none-eabi-objdump -h -S basile.elf  > "basile.list"
   text	   data	    bss	    dec	    hex	filename
  99336	    124	  19364	 118824	  1d028	basile.elf
Finished building: default.size.stdout
 
Finished building: basile.list
 
